TN:
SF:D:/tmp/toy-robot-simulator/src/main/simulator.js
FN:11,Simulator
FNF:1
FNH:1
FNDA:7,Simulator
DA:1,1
DA:3,1
DA:4,1
DA:5,1
DA:6,1
DA:7,1
DA:11,7
DA:15,1
DA:16,1
DA:18,1
DA:19,1
DA:21,0
DA:23,1
DA:25,0
DA:26,0
DA:28,0
DA:30,0
DA:32,0
DA:33,0
DA:35,0
DA:37,0
DA:39,0
DA:40,0
DA:42,0
DA:44,0
DA:49,1
DA:50,1
DA:52,1
DA:53,1
DA:55,0
DA:56,0
DA:58,0
DA:59,0
DA:61,0
DA:62,0
DA:67,9
DA:68,9
DA:70,3
DA:71,3
DA:73,2
DA:74,2
DA:76,2
DA:77,2
DA:79,2
DA:80,2
DA:85,6
DA:86,6
DA:94,10
DA:95,10
DA:96,8
DA:97,8
DA:98,8
DA:102,8
DA:106,8
DA:110,0
LF:55
LH:35
BRDA:17,0,0,1
BRDA:17,0,1,0
BRDA:17,0,2,0
BRDA:17,0,3,0
BRDA:18,1,0,1
BRDA:18,1,1,0
BRDA:25,2,0,0
BRDA:25,2,1,0
BRDA:32,3,0,0
BRDA:32,3,1,0
BRDA:39,4,0,0
BRDA:39,4,1,0
BRDA:51,5,0,1
BRDA:51,5,1,0
BRDA:51,5,2,0
BRDA:51,5,3,0
BRDA:69,6,0,3
BRDA:69,6,1,2
BRDA:69,6,2,2
BRDA:69,6,3,2
BRF:20
BRH:7
end_of_record
TN:
SF:D:/tmp/toy-robot-simulator/src/main/utils.js
FN:5,checkPlaceArguments
FN:16,(anonymous_10)
FN:16,_callee
FN:16,_callee$
FN:20,removeInvalidCommands
FN:24,findPlaceIndex
FN:28,isPlaceCommandValid
FN:32,getPlaceArguments
FN:46,executeCommand
FNF:9
FNH:7
FNDA:10,checkPlaceArguments
FNDA:2,(anonymous_10)
FNDA:1,_callee
FNDA:3,_callee$
FNDA:26,removeInvalidCommands
FNDA:5,findPlaceIndex
FNDA:10,isPlaceCommandValid
FNDA:0,getPlaceArguments
FNDA:0,executeCommand
DA:1,1
DA:2,1
DA:3,1
DA:5,1
DA:6,10
DA:7,10
DA:8,1
DA:11,9
DA:12,1
DA:16,11
DA:20,1
DA:21,26
DA:24,1
DA:25,5
DA:28,1
DA:29,10
DA:32,1
DA:33,0
DA:34,0
DA:35,0
DA:36,0
DA:38,0
DA:46,1
DA:47,0
DA:49,0
DA:50,0
DA:52,0
DA:53,0
DA:55,0
DA:56,0
DA:58,0
DA:59,0
DA:61,0
DA:62,0
DA:63,0
LF:35
LH:18
BRDA:7,0,0,1
BRDA:7,0,1,9
BRDA:7,1,0,10
BRDA:7,1,1,0
BRDA:7,1,2,10
BRDA:7,1,3,9
BRDA:11,2,0,1
BRDA:11,2,1,8
BRDA:11,3,0,9
BRDA:11,3,1,8
BRDA:11,3,2,8
BRDA:11,4,0,0
BRDA:11,4,1,9
BRDA:11,5,0,0
BRDA:11,5,1,8
BRDA:16,6,0,1
BRDA:16,6,1,1
BRDA:16,6,2,0
BRDA:16,6,3,1
BRDA:21,7,0,26
BRDA:21,7,1,18
BRDA:21,7,2,16
BRDA:21,7,3,12
BRDA:21,7,4,10
BRDA:25,8,0,1
BRDA:25,8,1,4
BRDA:29,9,0,2
BRDA:29,9,1,8
BRDA:48,10,0,0
BRDA:48,10,1,0
BRDA:48,10,2,0
BRDA:48,10,3,0
BRDA:48,10,4,0
BRF:33
BRH:24
end_of_record
