TN:
SF:C:/Users/leora/Desktop/tmp/toy-robot-simulator/src/main/simulator.js
FN:11,Simulator
FNF:1
FNH:1
FNDA:24,Simulator
DA:1,1
DA:3,1
DA:4,1
DA:5,1
DA:6,1
DA:7,1
DA:11,24
DA:12,24
DA:16,18
DA:17,18
DA:19,5
DA:20,4
DA:22,1
DA:24,5
DA:26,3
DA:27,2
DA:29,1
DA:31,3
DA:33,5
DA:34,2
DA:36,3
DA:38,5
DA:40,5
DA:41,2
DA:43,3
DA:45,5
DA:50,11
DA:51,11
DA:53,5
DA:54,5
DA:56,1
DA:57,1
DA:59,2
DA:60,2
DA:62,3
DA:63,3
DA:68,16
DA:69,16
DA:71,7
DA:72,7
DA:74,4
DA:75,4
DA:77,3
DA:78,3
DA:80,2
DA:81,2
DA:86,19
DA:87,19
DA:95,30
DA:96,30
DA:97,26
DA:98,26
DA:99,26
DA:103,26
DA:107,26
DA:111,1
LF:56
LH:56
BRDA:18,0,0,5
BRDA:18,0,1,3
BRDA:18,0,2,5
BRDA:18,0,3,5
BRDA:19,1,0,4
BRDA:19,1,1,1
BRDA:26,2,0,2
BRDA:26,2,1,1
BRDA:33,3,0,2
BRDA:33,3,1,3
BRDA:40,4,0,2
BRDA:40,4,1,3
BRDA:52,5,0,5
BRDA:52,5,1,1
BRDA:52,5,2,2
BRDA:52,5,3,3
BRDA:70,6,0,7
BRDA:70,6,1,4
BRDA:70,6,2,3
BRDA:70,6,3,2
BRF:20
BRH:20
end_of_record
TN:
SF:C:/Users/leora/Desktop/tmp/toy-robot-simulator/src/main/table.js
FN:3,Table
FNF:1
FNH:1
FNDA:24,Table
DA:3,24
DA:4,24
DA:5,24
DA:9,5
DA:13,3
LF:5
LH:5
BRF:0
BRH:0
end_of_record
TN:
SF:C:/Users/leora/Desktop/tmp/toy-robot-simulator/src/main/utils.js
FN:5,checkPlaceArguments
FN:16,(anonymous_10)
FN:16,_callee
FN:16,_callee$
FN:20,removeInvalidCommands
FN:24,findPlaceIndex
FN:28,isPlaceCommandValid
FN:32,getPlaceArguments
FN:45,executeCommand
FNF:9
FNH:9
FNDA:30,checkPlaceArguments
FNDA:2,(anonymous_10)
FNDA:1,_callee
FNDA:3,_callee$
FNDA:26,removeInvalidCommands
FNDA:5,findPlaceIndex
FNDA:10,isPlaceCommandValid
FNDA:1,getPlaceArguments
FNDA:5,executeCommand
DA:1,1
DA:2,1
DA:3,1
DA:5,1
DA:6,30
DA:7,30
DA:8,3
DA:11,27
DA:12,1
DA:16,11
DA:20,1
DA:21,26
DA:24,1
DA:25,5
DA:28,1
DA:29,10
DA:32,1
DA:33,1
DA:34,1
DA:35,1
DA:36,1
DA:38,1
DA:45,1
DA:46,5
DA:48,1
DA:49,1
DA:51,1
DA:52,1
DA:54,1
DA:55,1
DA:57,1
DA:59,1
DA:60,1
DA:61,1
LF:34
LH:34
BRDA:7,0,0,3
BRDA:7,0,1,27
BRDA:7,1,0,30
BRDA:7,1,1,0
BRDA:7,1,2,30
BRDA:7,1,3,28
BRDA:11,2,0,1
BRDA:11,2,1,26
BRDA:11,3,0,27
BRDA:11,3,1,26
BRDA:11,3,2,26
BRDA:11,4,0,0
BRDA:11,4,1,27
BRDA:11,5,0,0
BRDA:11,5,1,26
BRDA:16,6,0,1
BRDA:16,6,1,1
BRDA:16,6,2,0
BRDA:16,6,3,1
BRDA:21,7,0,26
BRDA:21,7,1,18
BRDA:21,7,2,16
BRDA:21,7,3,12
BRDA:21,7,4,10
BRDA:25,8,0,1
BRDA:25,8,1,4
BRDA:29,9,0,2
BRDA:29,9,1,8
BRDA:47,10,0,1
BRDA:47,10,1,1
BRDA:47,10,2,1
BRDA:47,10,3,1
BRDA:47,10,4,1
BRF:33
BRH:29
end_of_record
